<?xml version="1.0" encoding="UTF-8"?>
<testsuite xmlns:xsi="http://www.w3.org/2001/XMLSchema-instance" xsi:noNamespaceSchemaLocation="https://maven.apache.org/surefire/maven-surefire-plugin/xsd/surefire-test-report.xsd" version="3.0.2" name="com.milet.gestao_vagas.GestaoVagasApplicationTests" time="1.65" tests="1" errors="0" skipped="0" failures="0">
  <properties>
[...]
</properties>
  <testcase name="contextLoads" classname="com.milet.gestao_vagas.GestaoVagasApplicationTests" time="0.462">
    <system-out><![CDATA[15:07:35.336 [main] INFO org.springframework.test.context.support.AnnotationConfigContextLoaderUtils -- Could not detect default configuration classes for test class [com.milet.gestao_vagas.GestaoVagasApplicationTests]: GestaoVagasApplicationTests does not declare any static, non-private, non-final, nested classes annotated with @Configuration.
15:07:35.382 [main] INFO org.springframework.boot.test.context.SpringBootTestContextBootstrapper -- Found @SpringBootConfiguration com.milet.gestao_vagas.GestaoVagasApplication for test class com.milet.gestao_vagas.GestaoVagasApplicationTests
15:07:35.477 [main] INFO org.springframework.boot.devtools.restart.RestartApplicationListener -- Restart disabled due to context in which it is running

  .   ____          _            __ _ _
 /\\ / ___'_ __ _ _(_)_ __  __ _ \ \ \ \
( ( )\___ | '_ | '_| | '_ \/ _` | \ \ \ \
 \\/  ___)| |_)| | | | | || (_| |  ) ) ) )
  '  |____| .__|_| |_|_| |_\__, | / / / /
 =========|_|==============|___/=/_/_/_/

 :: Spring Boot ::                (v3.4.4)

2025-04-17T15:07:35.653-03:00  INFO 6329 --- [gestao_vagas] [           main] c.m.g.GestaoVagasApplicationTests        : Starting GestaoVagasApplicationTests using Java 23.0.2 with PID 6329 (started by milet in /Users/milet/Projects/Java/gestao_vagas)
2025-04-17T15:07:35.655-03:00  INFO 6329 --- [gestao_vagas] [           main] c.m.g.GestaoVagasApplicationTests        : No active profile set, falling back to 1 default profile: "default"
2025-04-17T15:07:36.445-03:00  INFO 6329 --- [gestao_vagas] [           main] c.m.g.GestaoVagasApplicationTests        : Started GestaoVagasApplicationTests in 0.981 seconds (process running for 1.427)
]]></system-out>
    <system-err><![CDATA[Mockito is currently self-attaching to enable the inline-mock-maker. This will no longer work in future releases of the JDK. Please add Mockito as an agent to your build what is described in Mockito's documentation: https://javadoc.io/doc/org.mockito/mockito-core/latest/org/mockito/Mockito.html#0.3
WARNING: A Java agent has been loaded dynamically (/Users/milet/.m2/repository/net/bytebuddy/byte-buddy-agent/1.15.11/byte-buddy-agent-1.15.11.jar)
WARNING: If a serviceability tool is in use, please run with -XX:+EnableDynamicAgentLoading to hide this warning
WARNING: If a serviceability tool is not in use, please run with -Djdk.instrument.traceUsage for more information
WARNING: Dynamic loading of agents will be disallowed by default in a future release
]]></system-err>
  </testcase>
</testsuite>